<?xml version="1.0" encoding="UTF-8"?>
<!-- Generated by org.testng.reporters.JUnitXMLReporter -->
<testsuite ignored="0" hostname="DESKTOP-SK910QI" failures="0" tests="3" name="Test" time="72.432" errors="0" timestamp="2022-05-15T22:44:35 IST">
  <testcase classname="seleniumGrid.grid.test1" name="test1" time="11.335"/>
  <testcase classname="seleniumGrid.grid.test2" name="test1" time="69.629"/>
  <testcase classname="seleniumGrid.grid.test3" name="test1" time="72.376"/>
</testsuite> <!-- Test -->
