<?xml version="1.0" encoding="UTF-8"?>
<testng-results ignored="3" total="4" passed="1" failed="0" skipped="0">
  <reporter-output>
  </reporter-output>
  <suite started-at="2022-04-15T09:34:29 IST" name="Default suite" finished-at="2022-04-15T09:34:29 IST" duration-ms="65">
    <groups>
    </groups>
    <test started-at="2022-04-15T09:34:29 IST" name="Default test" finished-at="2022-04-15T09:34:29 IST" duration-ms="65">
      <class name="test1">
        <test-method signature="streamCollect()[pri:0, instance:test1@10959ece]" started-at="2022-04-15T09:34:29 IST" name="streamCollect" finished-at="2022-04-15T09:34:29 IST" duration-ms="13" status="PASS">
          <reporter-output>
          </reporter-output>
        </test-method> <!-- streamCollect -->
      </class> <!-- test1 -->
    </test> <!-- Default test -->
  </suite> <!-- Default suite -->
</testng-results>
