<?xml version="1.0" encoding="UTF-8"?>
<!-- Generated by org.testng.reporters.JUnitXMLReporter -->
<testsuite ignored="3" hostname="DESKTOP-SK910QI" failures="0" tests="1" name="Default test" time="0.065" errors="0" timestamp="2022-04-15T09:34:29 IST">
  <testcase classname="test1" name="streamCollect" time="0.013"/>
  <testcase classname="test1" name="regular" time="0.0">
    <ignored/>
  </testcase> <!-- regular -->
  <testcase classname="test1" name="streamsFilter" time="0.0">
    <ignored/>
  </testcase> <!-- streamsFilter -->
  <testcase classname="test1" name="streamMap" time="0.0">
    <ignored/>
  </testcase> <!-- streamMap -->
</testsuite> <!-- Default test -->
