<?xml version="1.0" encoding="UTF-8"?>
<testng-results ignored="0" total="3" passed="3" failed="0" skipped="0">
  <reporter-output>
  </reporter-output>
  <suite started-at="2022-04-13T11:25:51 IST" name="Default suite" finished-at="2022-04-13T11:25:53 IST" duration-ms="1088">
    <groups>
    </groups>
    <test started-at="2022-04-13T11:25:51 IST" name="Default test" finished-at="2022-04-13T11:25:53 IST" duration-ms="1088">
      <class name="dataDriven.excelDataProvider.dataProvider">
        <test-method signature="testCaseData(java.lang.String,java.lang.String,java.lang.String)[pri:0, instance:dataDriven.excelDataProvider.dataProvider@6631f5ca]" started-at="2022-04-13T11:25:53 IST" name="testCaseData" data-provider="driveTest" finished-at="2022-04-13T11:25:53 IST" duration-ms="11" status="PASS">
          <params>
            <param index="0">
              <value>
                <![CDATA[Satish]]>
              </value>
            </param>
            <param index="1">
              <value>
                <![CDATA[TCS]]>
              </value>
            </param>
            <param index="2">
              <value>
                <![CDATA[10]]>
              </value>
            </param>
          </params>
          <reporter-output>
          </reporter-output>
        </test-method> <!-- testCaseData -->
        <test-method signature="testCaseData(java.lang.String,java.lang.String,java.lang.String)[pri:0, instance:dataDriven.excelDataProvider.dataProvider@6631f5ca]" started-at="2022-04-13T11:25:53 IST" name="testCaseData" data-provider="driveTest" finished-at="2022-04-13T11:25:53 IST" duration-ms="5" status="PASS">
          <params>
            <param index="0">
              <value>
                <![CDATA[Sonali]]>
              </value>
            </param>
            <param index="1">
              <value>
                <![CDATA[Bank]]>
              </value>
            </param>
            <param index="2">
              <value>
                <![CDATA[9]]>
              </value>
            </param>
          </params>
          <reporter-output>
          </reporter-output>
        </test-method> <!-- testCaseData -->
        <test-method signature="testCaseData(java.lang.String,java.lang.String,java.lang.String)[pri:0, instance:dataDriven.excelDataProvider.dataProvider@6631f5ca]" started-at="2022-04-13T11:25:53 IST" name="testCaseData" data-provider="driveTest" finished-at="2022-04-13T11:25:53 IST" duration-ms="3" status="PASS">
          <params>
            <param index="0">
              <value>
                <![CDATA[Khitish]]>
              </value>
            </param>
            <param index="1">
              <value>
                <![CDATA[CTS]]>
              </value>
            </param>
            <param index="2">
              <value>
                <![CDATA[2]]>
              </value>
            </param>
          </params>
          <reporter-output>
          </reporter-output>
        </test-method> <!-- testCaseData -->
      </class> <!-- dataDriven.excelDataProvider.dataProvider -->
    </test> <!-- Default test -->
  </suite> <!-- Default suite -->
</testng-results>
