<?xml version="1.0" encoding="UTF-8"?>
<testng-results ignored="0" total="3" passed="3" failed="0" skipped="0">
  <reporter-output>
  </reporter-output>
  <suite started-at="2022-05-15T22:43:23 IST" name="Suite" finished-at="2022-05-15T22:44:35 IST" duration-ms="72432">
    <groups>
    </groups>
    <test started-at="2022-05-15T22:43:23 IST" name="Test" finished-at="2022-05-15T22:44:35 IST" duration-ms="72432">
      <class name="seleniumGrid.grid.test3">
        <test-method signature="test1()[pri:0, instance:seleniumGrid.grid.test3@35aea049]" started-at="2022-05-15T22:43:23 IST" name="test1" finished-at="2022-05-15T22:44:35 IST" duration-ms="72376" status="PASS">
          <reporter-output>
          </reporter-output>
        </test-method> <!-- test1 -->
      </class> <!-- seleniumGrid.grid.test3 -->
      <class name="seleniumGrid.grid.test2">
        <test-method signature="test1()[pri:0, instance:seleniumGrid.grid.test2@58d75e99]" started-at="2022-05-15T22:43:23 IST" name="test1" finished-at="2022-05-15T22:44:32 IST" duration-ms="69629" status="PASS">
          <reporter-output>
          </reporter-output>
        </test-method> <!-- test1 -->
      </class> <!-- seleniumGrid.grid.test2 -->
      <class name="seleniumGrid.grid.test1">
        <test-method signature="test1()[pri:0, instance:seleniumGrid.grid.test1@74751b3]" started-at="2022-05-15T22:43:23 IST" name="test1" finished-at="2022-05-15T22:43:34 IST" duration-ms="11335" status="PASS">
          <reporter-output>
          </reporter-output>
        </test-method> <!-- test1 -->
      </class> <!-- seleniumGrid.grid.test1 -->
    </test> <!-- Test -->
  </suite> <!-- Suite -->
</testng-results>
