<?xml version="1.0" encoding="UTF-8"?>
<testng-results ignored="0" total="1" passed="1" failed="0" skipped="0">
  <reporter-output>
  </reporter-output>
  <suite started-at="2022-05-15T21:06:00 IST" name="Default suite" finished-at="2022-05-15T21:06:12 IST" duration-ms="11315">
    <groups>
    </groups>
    <test started-at="2022-05-15T21:06:00 IST" name="Default test" finished-at="2022-05-15T21:06:12 IST" duration-ms="11315">
      <class name="remoteTesting.dockerValidation.chromeTest2">
        <test-method signature="test2()[pri:0, instance:remoteTesting.dockerValidation.chromeTest2@35aea049]" started-at="2022-05-15T21:06:00 IST" name="test2" finished-at="2022-05-15T21:06:12 IST" duration-ms="11261" status="PASS">
          <reporter-output>
          </reporter-output>
        </test-method> <!-- test2 -->
      </class> <!-- remoteTesting.dockerValidation.chromeTest2 -->
    </test> <!-- Default test -->
  </suite> <!-- Default suite -->
</testng-results>
